<?xml version="1.0" encoding="UTF-8"?>
<!-- Generated by org.testng.reporters.JUnitXMLReporter -->
<testsuite ignored="2" hostname="DESKTOP-JAQ0FH0" failures="1" tests="2" name="Test" time="78.849" errors="0" timestamp="2024-07-14T18:05:38 IST">
  <testcase classname="busIrctc_TestScripts.LoginAction_TC01" name="basicActions_TC_01" time="45.685"/>
  <testcase classname="busIrctc_TestScripts.LogoutAction_TC02" name="logoutAction" time="20.015">
    <failure type="java.lang.NullPointerException" message="Cannot invoke &amp;quot;org.openqa.selenium.WebDriver.findElement(org.openqa.selenium.By)&amp;quot; because &amp;quot;this.driver&amp;quot; is null">
      <![CDATA[java.lang.NullPointerException: Cannot invoke "org.openqa.selenium.WebDriver.findElement(org.openqa.selenium.By)" because "this.driver" is null
at busIrctc_TestScripts.LogoutAction_TC02.logoutAction(LogoutAction_TC02.java:17)
at java.base/java.util.ArrayList.forEach(ArrayList.java:1511)
... Removed 27 stack frames]]>
    </failure>
  </testcase> <!-- logoutAction -->
  <testcase classname="busIrctc_genericUtils.BaseClass" name="@AfterTest closeBrowser" time="0.0">
    <ignored/>
  </testcase> <!-- @AfterTest closeBrowser -->
  <testcase classname="busIrctc_genericUtils.BaseClass" name="@BeforeTest launchBrowser" time="0.0">
    <ignored/>
  </testcase> <!-- @BeforeTest launchBrowser -->
</testsuite> <!-- Test -->
