<?xml version="1.0" encoding="UTF-8"?>
<testng-results ignored="0" total="1" passed="1" failed="0" skipped="0">
  <reporter-output>
  </reporter-output>
  <suite started-at="2024-07-14T18:08:23 IST" name="Default suite" finished-at="2024-07-14T18:08:23 IST" duration-ms="105">
    <groups>
    </groups>
    <test started-at="2024-07-14T18:08:23 IST" name="Default test" finished-at="2024-07-14T18:08:23 IST" duration-ms="105">
      <class name="busIrctc_genericUtils.JavaUtils">
        <test-method signature="getRandomNumber()[pri:0, instance:busIrctc_genericUtils.JavaUtils@73e22a3d]" started-at="2024-07-14T18:08:23 IST" name="getRandomNumber" finished-at="2024-07-14T18:08:23 IST" duration-ms="22" status="PASS">
          <reporter-output>
          </reporter-output>
        </test-method> <!-- getRandomNumber -->
      </class> <!-- busIrctc_genericUtils.JavaUtils -->
    </test> <!-- Default test -->
  </suite> <!-- Default suite -->
</testng-results>
